Usage: main_ocsvm.py [OPTIONS] [ag_news|reuters|newsgroups20|imdb|gutenberg_au
                     thors|gutenberg_categories|pan2011_mails|song_artists|son
                     g_genres] XP_PATH DATA_PATH
Try "main_ocsvm.py --help" for help.

Error: Invalid value for "XP_PATH": Path "ocvsm" does not exist.
Usage: main_ocsvm.py [OPTIONS] [ag_news|reuters|newsgroups20|imdb|gutenberg_au
                     thors|gutenberg_categories|pan2011_mails|song_artists|son
                     g_genres] XP_PATH DATA_PATH
Try "main_ocsvm.py --help" for help.

Error: Invalid value for "XP_PATH": Path "ocvsm" does not exist.
Usage: main_ocsvm.py [OPTIONS] [ag_news|reuters|newsgroups20|imdb|gutenberg_au
                     thors|gutenberg_categories|pan2011_mails|song_artists|son
                     g_genres] XP_PATH DATA_PATH
Try "main_ocsvm.py --help" for help.

Error: Invalid value for "XP_PATH": Path "ocvsm" does not exist.
Usage: main_ocsvm.py [OPTIONS] [ag_news|reuters|newsgroups20|imdb|gutenberg_au
                     thors|gutenberg_categories|pan2011_mails|song_artists|son
                     g_genres] XP_PATH DATA_PATH
Try "main_ocsvm.py --help" for help.

Error: Invalid value for "XP_PATH": Path "ocvsm" does not exist.
Usage: main_ocsvm.py [OPTIONS] [ag_news|reuters|newsgroups20|imdb|gutenberg_au
                     thors|gutenberg_categories|pan2011_mails|song_artists|son
                     g_genres] XP_PATH DATA_PATH
Try "main_ocsvm.py --help" for help.

Error: Invalid value for "XP_PATH": Path "ocvsm" does not exist.
Usage: main_ocsvm.py [OPTIONS] [ag_news|reuters|newsgroups20|imdb|gutenberg_au
                     thors|gutenberg_categories|pan2011_mails|song_artists|son
                     g_genres] XP_PATH DATA_PATH
Try "main_ocsvm.py --help" for help.

Error: Invalid value for "XP_PATH": Path "ocvsm" does not exist.
Usage: main_ocsvm.py [OPTIONS] [ag_news|reuters|newsgroups20|imdb|gutenberg_au
                     thors|gutenberg_categories|pan2011_mails|song_artists|son
                     g_genres] XP_PATH DATA_PATH
Try "main_ocsvm.py --help" for help.

Error: Invalid value for "XP_PATH": Path "ocvsm" does not exist.
Usage: main_ocsvm.py [OPTIONS] [ag_news|reuters|newsgroups20|imdb|gutenberg_au
                     thors|gutenberg_categories|pan2011_mails|song_artists|son
                     g_genres] XP_PATH DATA_PATH
Try "main_ocsvm.py --help" for help.

Error: Invalid value for "XP_PATH": Path "ocvsm" does not exist.
Usage: main_ocsvm.py [OPTIONS] [ag_news|reuters|newsgroups20|imdb|gutenberg_au
                     thors|gutenberg_categories|pan2011_mails|song_artists|son
                     g_genres] XP_PATH DATA_PATH
Try "main_ocsvm.py --help" for help.

Error: Invalid value for "XP_PATH": Path "ocvsm" does not exist.
Usage: main_ocsvm.py [OPTIONS] [ag_news|reuters|newsgroups20|imdb|gutenberg_au
                     thors|gutenberg_categories|pan2011_mails|song_artists|son
                     g_genres] XP_PATH DATA_PATH
Try "main_ocsvm.py --help" for help.

Error: Invalid value for "XP_PATH": Path "ocvsm" does not exist.
Usage: main_ocsvm.py [OPTIONS] [ag_news|reuters|newsgroups20|imdb|gutenberg_au
                     thors|gutenberg_categories|pan2011_mails|song_artists|son
                     g_genres] XP_PATH DATA_PATH
Try "main_ocsvm.py --help" for help.

Error: Invalid value for "XP_PATH": Path "ocvsm" does not exist.
Usage: main_ocsvm.py [OPTIONS] [ag_news|reuters|newsgroups20|imdb|gutenberg_au
                     thors|gutenberg_categories|pan2011_mails|song_artists|son
                     g_genres] XP_PATH DATA_PATH
Try "main_ocsvm.py --help" for help.

Error: Invalid value for "XP_PATH": Path "ocvsm" does not exist.
Usage: main_ocsvm.py [OPTIONS] [ag_news|reuters|newsgroups20|imdb|gutenberg_au
                     thors|gutenberg_categories|pan2011_mails|song_artists|son
                     g_genres] XP_PATH DATA_PATH
Try "main_ocsvm.py --help" for help.

Error: Invalid value for "XP_PATH": Path "ocvsm" does not exist.
Usage: main_ocsvm.py [OPTIONS] [ag_news|reuters|newsgroups20|imdb|gutenberg_au
                     thors|gutenberg_categories|pan2011_mails|song_artists|son
                     g_genres] XP_PATH DATA_PATH
Try "main_ocsvm.py --help" for help.

Error: Invalid value for "XP_PATH": Path "ocvsm" does not exist.
Usage: main_ocsvm.py [OPTIONS] [ag_news|reuters|newsgroups20|imdb|gutenberg_au
                     thors|gutenberg_categories|pan2011_mails|song_artists|son
                     g_genres] XP_PATH DATA_PATH
Try "main_ocsvm.py --help" for help.

Error: Invalid value for "XP_PATH": Path "ocvsm" does not exist.
Usage: main_ocsvm.py [OPTIONS] [ag_news|reuters|newsgroups20|imdb|gutenberg_au
                     thors|gutenberg_categories|pan2011_mails|song_artists|son
                     g_genres] XP_PATH DATA_PATH
Try "main_ocsvm.py --help" for help.

Error: Invalid value for "XP_PATH": Path "ocvsm" does not exist.
Usage: main_ocsvm.py [OPTIONS] [ag_news|reuters|newsgroups20|imdb|gutenberg_au
                     thors|gutenberg_categories|pan2011_mails|song_artists|son
                     g_genres] XP_PATH DATA_PATH
Try "main_ocsvm.py --help" for help.

Error: Invalid value for "XP_PATH": Path "ocvsm" does not exist.
Usage: main_ocsvm.py [OPTIONS] [ag_news|reuters|newsgroups20|imdb|gutenberg_au
                     thors|gutenberg_categories|pan2011_mails|song_artists|son
                     g_genres] XP_PATH DATA_PATH
Try "main_ocsvm.py --help" for help.

Error: Invalid value for "XP_PATH": Path "ocvsm" does not exist.
Usage: main_ocsvm.py [OPTIONS] [ag_news|reuters|newsgroups20|imdb|gutenberg_au
                     thors|gutenberg_categories|pan2011_mails|song_artists|son
                     g_genres] XP_PATH DATA_PATH
Try "main_ocsvm.py --help" for help.

Error: Invalid value for "XP_PATH": Path "ocvsm" does not exist.
Usage: main_ocsvm.py [OPTIONS] [ag_news|reuters|newsgroups20|imdb|gutenberg_au
                     thors|gutenberg_categories|pan2011_mails|song_artists|son
                     g_genres] XP_PATH DATA_PATH
Try "main_ocsvm.py --help" for help.

Error: Invalid value for "XP_PATH": Path "ocvsm" does not exist.
Usage: main_ocsvm.py [OPTIONS] [ag_news|reuters|newsgroups20|imdb|gutenberg_au
                     thors|gutenberg_categories|pan2011_mails|song_artists|son
                     g_genres] XP_PATH DATA_PATH
Try "main_ocsvm.py --help" for help.

Error: Invalid value for "XP_PATH": Path "ocvsm" does not exist.
Usage: main_ocsvm.py [OPTIONS] [ag_news|reuters|newsgroups20|imdb|gutenberg_au
                     thors|gutenberg_categories|pan2011_mails|song_artists|son
                     g_genres] XP_PATH DATA_PATH
Try "main_ocsvm.py --help" for help.

Error: Invalid value for "XP_PATH": Path "ocvsm" does not exist.
Usage: main_ocsvm.py [OPTIONS] [ag_news|reuters|newsgroups20|imdb|gutenberg_au
                     thors|gutenberg_categories|pan2011_mails|song_artists|son
                     g_genres] XP_PATH DATA_PATH
Try "main_ocsvm.py --help" for help.

Error: Invalid value for "XP_PATH": Path "ocvsm" does not exist.
Usage: main_ocsvm.py [OPTIONS] [ag_news|reuters|newsgroups20|imdb|gutenberg_au
                     thors|gutenberg_categories|pan2011_mails|song_artists|son
                     g_genres] XP_PATH DATA_PATH
Try "main_ocsvm.py --help" for help.

Error: Invalid value for "XP_PATH": Path "ocvsm" does not exist.
Usage: main_ocsvm.py [OPTIONS] [ag_news|reuters|newsgroups20|imdb|gutenberg_au
                     thors|gutenberg_categories|pan2011_mails|song_artists|son
                     g_genres] XP_PATH DATA_PATH
Try "main_ocsvm.py --help" for help.

Error: Invalid value for "XP_PATH": Path "ocvsm" does not exist.
Usage: main_ocsvm.py [OPTIONS] [ag_news|reuters|newsgroups20|imdb|gutenberg_au
                     thors|gutenberg_categories|pan2011_mails|song_artists|son
                     g_genres] XP_PATH DATA_PATH
Try "main_ocsvm.py --help" for help.

Error: Invalid value for "XP_PATH": Path "ocvsm" does not exist.
Usage: main_ocsvm.py [OPTIONS] [ag_news|reuters|newsgroups20|imdb|gutenberg_au
                     thors|gutenberg_categories|pan2011_mails|song_artists|son
                     g_genres] XP_PATH DATA_PATH
Try "main_ocsvm.py --help" for help.

Error: Invalid value for "XP_PATH": Path "ocvsm" does not exist.
Usage: main_ocsvm.py [OPTIONS] [ag_news|reuters|newsgroups20|imdb|gutenberg_au
                     thors|gutenberg_categories|pan2011_mails|song_artists|son
                     g_genres] XP_PATH DATA_PATH
Try "main_ocsvm.py --help" for help.

Error: Invalid value for "XP_PATH": Path "ocvsm" does not exist.
Usage: main_ocsvm.py [OPTIONS] [ag_news|reuters|newsgroups20|imdb|gutenberg_au
                     thors|gutenberg_categories|pan2011_mails|song_artists|son
                     g_genres] XP_PATH DATA_PATH
Try "main_ocsvm.py --help" for help.

Error: Invalid value for "XP_PATH": Path "ocvsm" does not exist.
Usage: main_ocsvm.py [OPTIONS] [ag_news|reuters|newsgroups20|imdb|gutenberg_au
                     thors|gutenberg_categories|pan2011_mails|song_artists|son
                     g_genres] XP_PATH DATA_PATH
Try "main_ocsvm.py --help" for help.

Error: Invalid value for "XP_PATH": Path "ocvsm" does not exist.
Usage: main_ocsvm.py [OPTIONS] [ag_news|reuters|newsgroups20|imdb|gutenberg_au
                     thors|gutenberg_categories|pan2011_mails|song_artists|son
                     g_genres] XP_PATH DATA_PATH
Try "main_ocsvm.py --help" for help.

Error: Invalid value for "XP_PATH": Path "ocvsm" does not exist.
Usage: main_ocsvm.py [OPTIONS] [ag_news|reuters|newsgroups20|imdb|gutenberg_au
                     thors|gutenberg_categories|pan2011_mails|song_artists|son
                     g_genres] XP_PATH DATA_PATH
Try "main_ocsvm.py --help" for help.

Error: Invalid value for "XP_PATH": Path "ocvsm" does not exist.
Usage: main_ocsvm.py [OPTIONS] [ag_news|reuters|newsgroups20|imdb|gutenberg_au
                     thors|gutenberg_categories|pan2011_mails|song_artists|son
                     g_genres] XP_PATH DATA_PATH
Try "main_ocsvm.py --help" for help.

Error: Invalid value for "XP_PATH": Path "ocvsm" does not exist.
Usage: main_ocsvm.py [OPTIONS] [ag_news|reuters|newsgroups20|imdb|gutenberg_au
                     thors|gutenberg_categories|pan2011_mails|song_artists|son
                     g_genres] XP_PATH DATA_PATH
Try "main_ocsvm.py --help" for help.

Error: Invalid value for "XP_PATH": Path "ocvsm" does not exist.
Usage: main_ocsvm.py [OPTIONS] [ag_news|reuters|newsgroups20|imdb|gutenberg_au
                     thors|gutenberg_categories|pan2011_mails|song_artists|son
                     g_genres] XP_PATH DATA_PATH
Try "main_ocsvm.py --help" for help.

Error: Invalid value for "XP_PATH": Path "ocvsm" does not exist.
Usage: main_ocsvm.py [OPTIONS] [ag_news|reuters|newsgroups20|imdb|gutenberg_au
                     thors|gutenberg_categories|pan2011_mails|song_artists|son
                     g_genres] XP_PATH DATA_PATH
Try "main_ocsvm.py --help" for help.

Error: Invalid value for "XP_PATH": Path "ocvsm" does not exist.
Usage: main_ocsvm.py [OPTIONS] [ag_news|reuters|newsgroups20|imdb|gutenberg_au
                     thors|gutenberg_categories|pan2011_mails|song_artists|son
                     g_genres] XP_PATH DATA_PATH
Try "main_ocsvm.py --help" for help.

Error: Invalid value for "XP_PATH": Path "ocvsm" does not exist.
Usage: main_ocsvm.py [OPTIONS] [ag_news|reuters|newsgroups20|imdb|gutenberg_au
                     thors|gutenberg_categories|pan2011_mails|song_artists|son
                     g_genres] XP_PATH DATA_PATH
Try "main_ocsvm.py --help" for help.

Error: Invalid value for "XP_PATH": Path "ocvsm" does not exist.
Usage: main_ocsvm.py [OPTIONS] [ag_news|reuters|newsgroups20|imdb|gutenberg_au
                     thors|gutenberg_categories|pan2011_mails|song_artists|son
                     g_genres] XP_PATH DATA_PATH
Try "main_ocsvm.py --help" for help.

Error: Invalid value for "XP_PATH": Path "ocvsm" does not exist.
Usage: main_ocsvm.py [OPTIONS] [ag_news|reuters|newsgroups20|imdb|gutenberg_au
                     thors|gutenberg_categories|pan2011_mails|song_artists|son
                     g_genres] XP_PATH DATA_PATH
Try "main_ocsvm.py --help" for help.

Error: Invalid value for "XP_PATH": Path "ocvsm" does not exist.
Usage: main_ocsvm.py [OPTIONS] [ag_news|reuters|newsgroups20|imdb|gutenberg_au
                     thors|gutenberg_categories|pan2011_mails|song_artists|son
                     g_genres] XP_PATH DATA_PATH
Try "main_ocsvm.py --help" for help.

Error: Invalid value for "XP_PATH": Path "ocvsm" does not exist.
Usage: main_ocsvm.py [OPTIONS] [ag_news|reuters|newsgroups20|imdb|gutenberg_au
                     thors|gutenberg_categories|pan2011_mails|song_artists|son
                     g_genres] XP_PATH DATA_PATH
Try "main_ocsvm.py --help" for help.

Error: Invalid value for "XP_PATH": Path "ocvsm" does not exist.
Usage: main_ocsvm.py [OPTIONS] [ag_news|reuters|newsgroups20|imdb|gutenberg_au
                     thors|gutenberg_categories|pan2011_mails|song_artists|son
                     g_genres] XP_PATH DATA_PATH
Try "main_ocsvm.py --help" for help.

Error: Invalid value for "XP_PATH": Path "ocvsm" does not exist.
Usage: main_ocsvm.py [OPTIONS] [ag_news|reuters|newsgroups20|imdb|gutenberg_au
                     thors|gutenberg_categories|pan2011_mails|song_artists|son
                     g_genres] XP_PATH DATA_PATH
Try "main_ocsvm.py --help" for help.

Error: Invalid value for "XP_PATH": Path "ocvsm" does not exist.
Usage: main_ocsvm.py [OPTIONS] [ag_news|reuters|newsgroups20|imdb|gutenberg_au
                     thors|gutenberg_categories|pan2011_mails|song_artists|son
                     g_genres] XP_PATH DATA_PATH
Try "main_ocsvm.py --help" for help.

Error: Invalid value for "XP_PATH": Path "ocvsm" does not exist.
Usage: main_ocsvm.py [OPTIONS] [ag_news|reuters|newsgroups20|imdb|gutenberg_au
                     thors|gutenberg_categories|pan2011_mails|song_artists|son
                     g_genres] XP_PATH DATA_PATH
Try "main_ocsvm.py --help" for help.

Error: Invalid value for "XP_PATH": Path "ocvsm" does not exist.
Usage: main_ocsvm.py [OPTIONS] [ag_news|reuters|newsgroups20|imdb|gutenberg_au
                     thors|gutenberg_categories|pan2011_mails|song_artists|son
                     g_genres] XP_PATH DATA_PATH
Try "main_ocsvm.py --help" for help.

Error: Invalid value for "XP_PATH": Path "ocvsm" does not exist.
Usage: main_ocsvm.py [OPTIONS] [ag_news|reuters|newsgroups20|imdb|gutenberg_au
                     thors|gutenberg_categories|pan2011_mails|song_artists|son
                     g_genres] XP_PATH DATA_PATH
Try "main_ocsvm.py --help" for help.

Error: Invalid value for "XP_PATH": Path "ocvsm" does not exist.
Usage: main_isoforest.py [OPTIONS] [ag_news|reuters|newsgroups20|imdb|gutenber
                         g_authors|gutenberg_categories|pan2011_mails|song_art
                         ists|song_genres] XP_PATH DATA_PATH
Try "main_isoforest.py --help" for help.

Error: Invalid value for "DATA_PATH": Path ".data/song_artists/" does not exist.
Usage: main_isoforest.py [OPTIONS] [ag_news|reuters|newsgroups20|imdb|gutenber
                         g_authors|gutenberg_categories|pan2011_mails|song_art
                         ists|song_genres] XP_PATH DATA_PATH
Try "main_isoforest.py --help" for help.

Error: Invalid value for "DATA_PATH": Path ".data/song_artists/" does not exist.
Usage: main_isoforest.py [OPTIONS] [ag_news|reuters|newsgroups20|imdb|gutenber
                         g_authors|gutenberg_categories|pan2011_mails|song_art
                         ists|song_genres] XP_PATH DATA_PATH
Try "main_isoforest.py --help" for help.

Error: Invalid value for "DATA_PATH": Path ".data/song_artists/" does not exist.
Usage: main_isoforest.py [OPTIONS] [ag_news|reuters|newsgroups20|imdb|gutenber
                         g_authors|gutenberg_categories|pan2011_mails|song_art
                         ists|song_genres] XP_PATH DATA_PATH
Try "main_isoforest.py --help" for help.

Error: Invalid value for "DATA_PATH": Path ".data/song_artists/" does not exist.
Usage: main_isoforest.py [OPTIONS] [ag_news|reuters|newsgroups20|imdb|gutenber
                         g_authors|gutenberg_categories|pan2011_mails|song_art
                         ists|song_genres] XP_PATH DATA_PATH
Try "main_isoforest.py --help" for help.

Error: Invalid value for "DATA_PATH": Path ".data/song_artists/" does not exist.
Usage: main_isoforest.py [OPTIONS] [ag_news|reuters|newsgroups20|imdb|gutenber
                         g_authors|gutenberg_categories|pan2011_mails|song_art
                         ists|song_genres] XP_PATH DATA_PATH
Try "main_isoforest.py --help" for help.

Error: Invalid value for "DATA_PATH": Path ".data/song_artists/" does not exist.
Usage: main_isoforest.py [OPTIONS] [ag_news|reuters|newsgroups20|imdb|gutenber
                         g_authors|gutenberg_categories|pan2011_mails|song_art
                         ists|song_genres] XP_PATH DATA_PATH
Try "main_isoforest.py --help" for help.

Error: Invalid value for "DATA_PATH": Path ".data/song_artists/" does not exist.
Usage: main_isoforest.py [OPTIONS] [ag_news|reuters|newsgroups20|imdb|gutenber
                         g_authors|gutenberg_categories|pan2011_mails|song_art
                         ists|song_genres] XP_PATH DATA_PATH
Try "main_isoforest.py --help" for help.

Error: Invalid value for "DATA_PATH": Path ".data/song_artists/" does not exist.
Usage: main_isoforest.py [OPTIONS] [ag_news|reuters|newsgroups20|imdb|gutenber
                         g_authors|gutenberg_categories|pan2011_mails|song_art
                         ists|song_genres] XP_PATH DATA_PATH
Try "main_isoforest.py --help" for help.

Error: Invalid value for "DATA_PATH": Path ".data/song_artists/" does not exist.
Usage: main_isoforest.py [OPTIONS] [ag_news|reuters|newsgroups20|imdb|gutenber
                         g_authors|gutenberg_categories|pan2011_mails|song_art
                         ists|song_genres] XP_PATH DATA_PATH
Try "main_isoforest.py --help" for help.

Error: Invalid value for "DATA_PATH": Path ".data/song_artists/" does not exist.
Usage: main_isoforest.py [OPTIONS] [ag_news|reuters|newsgroups20|imdb|gutenber
                         g_authors|gutenberg_categories|pan2011_mails|song_art
                         ists|song_genres] XP_PATH DATA_PATH
Try "main_isoforest.py --help" for help.

Error: Invalid value for "DATA_PATH": Path ".data/song_artists/" does not exist.
Usage: main_isoforest.py [OPTIONS] [ag_news|reuters|newsgroups20|imdb|gutenber
                         g_authors|gutenberg_categories|pan2011_mails|song_art
                         ists|song_genres] XP_PATH DATA_PATH
Try "main_isoforest.py --help" for help.

Error: Invalid value for "DATA_PATH": Path ".data/song_artists/" does not exist.
Usage: main_isoforest.py [OPTIONS] [ag_news|reuters|newsgroups20|imdb|gutenber
                         g_authors|gutenberg_categories|pan2011_mails|song_art
                         ists|song_genres] XP_PATH DATA_PATH
Try "main_isoforest.py --help" for help.

Error: Invalid value for "DATA_PATH": Path ".data/song_artists/" does not exist.
Usage: main_isoforest.py [OPTIONS] [ag_news|reuters|newsgroups20|imdb|gutenber
                         g_authors|gutenberg_categories|pan2011_mails|song_art
                         ists|song_genres] XP_PATH DATA_PATH
Try "main_isoforest.py --help" for help.

Error: Invalid value for "DATA_PATH": Path ".data/song_artists/" does not exist.
Usage: main_isoforest.py [OPTIONS] [ag_news|reuters|newsgroups20|imdb|gutenber
                         g_authors|gutenberg_categories|pan2011_mails|song_art
                         ists|song_genres] XP_PATH DATA_PATH
Try "main_isoforest.py --help" for help.

Error: Invalid value for "DATA_PATH": Path ".data/song_artists/" does not exist.
Usage: main_isoforest.py [OPTIONS] [ag_news|reuters|newsgroups20|imdb|gutenber
                         g_authors|gutenberg_categories|pan2011_mails|song_art
                         ists|song_genres] XP_PATH DATA_PATH
Try "main_isoforest.py --help" for help.

Error: Invalid value for "DATA_PATH": Path ".data/song_artists/" does not exist.
Usage: main_ocsvm.py [OPTIONS] [ag_news|reuters|newsgroups20|imdb|gutenberg_au
                     thors|gutenberg_categories|pan2011_mails|song_artists|son
                     g_genres] XP_PATH DATA_PATH
Try "main_ocsvm.py --help" for help.

Error: Invalid value for "--normal_class": R is not a valid integer
Usage: main_ocsvm.py [OPTIONS] [ag_news|reuters|newsgroups20|imdb|gutenberg_au
                     thors|gutenberg_categories|pan2011_mails|song_artists|son
                     g_genres] XP_PATH DATA_PATH
Try "main_ocsvm.py --help" for help.

Error: Invalid value for "--normal_class": R is not a valid integer
Usage: main_ocsvm.py [OPTIONS] [ag_news|reuters|newsgroups20|imdb|gutenberg_au
                     thors|gutenberg_categories|pan2011_mails|song_artists|son
                     g_genres] XP_PATH DATA_PATH
Try "main_ocsvm.py --help" for help.

Error: Invalid value for "--normal_class": R is not a valid integer
Usage: main_ocsvm.py [OPTIONS] [ag_news|reuters|newsgroups20|imdb|gutenberg_au
                     thors|gutenberg_categories|pan2011_mails|song_artists|son
                     g_genres] XP_PATH DATA_PATH
Try "main_ocsvm.py --help" for help.

Error: Invalid value for "--normal_class": R is not a valid integer
Usage: main_ocsvm.py [OPTIONS] [ag_news|reuters|newsgroups20|imdb|gutenberg_au
                     thors|gutenberg_categories|pan2011_mails|song_artists|son
                     g_genres] XP_PATH DATA_PATH
Try "main_ocsvm.py --help" for help.

Error: Invalid value for "--normal_class": R is not a valid integer
Usage: main_ocsvm.py [OPTIONS] [ag_news|reuters|newsgroups20|imdb|gutenberg_au
                     thors|gutenberg_categories|pan2011_mails|song_artists|son
                     g_genres] XP_PATH DATA_PATH
Try "main_ocsvm.py --help" for help.

Error: Invalid value for "--normal_class": R is not a valid integer
Usage: main_ocsvm.py [OPTIONS] [ag_news|reuters|newsgroups20|imdb|gutenberg_au
                     thors|gutenberg_categories|pan2011_mails|song_artists|son
                     g_genres] XP_PATH DATA_PATH
Try "main_ocsvm.py --help" for help.

Error: Invalid value for "--normal_class": R is not a valid integer
Usage: main_ocsvm.py [OPTIONS] [ag_news|reuters|newsgroups20|imdb|gutenberg_au
                     thors|gutenberg_categories|pan2011_mails|song_artists|son
                     g_genres] XP_PATH DATA_PATH
Try "main_ocsvm.py --help" for help.

Error: Invalid value for "--normal_class": R is not a valid integer
Usage: main_ocsvm.py [OPTIONS] [ag_news|reuters|newsgroups20|imdb|gutenberg_au
                     thors|gutenberg_categories|pan2011_mails|song_artists|son
                     g_genres] XP_PATH DATA_PATH
Try "main_ocsvm.py --help" for help.

Error: Invalid value for "--normal_class": R is not a valid integer
Usage: main_ocsvm.py [OPTIONS] [ag_news|reuters|newsgroups20|imdb|gutenberg_au
                     thors|gutenberg_categories|pan2011_mails|song_artists|son
                     g_genres] XP_PATH DATA_PATH
Try "main_ocsvm.py --help" for help.

Error: Invalid value for "--normal_class": R is not a valid integer
Usage: main_ocsvm.py [OPTIONS] [ag_news|reuters|newsgroups20|imdb|gutenberg_au
                     thors|gutenberg_categories|pan2011_mails|song_artists|son
                     g_genres] XP_PATH DATA_PATH
Try "main_ocsvm.py --help" for help.

Error: Invalid value for "--normal_class": R is not a valid integer
Usage: main_ocsvm.py [OPTIONS] [ag_news|reuters|newsgroups20|imdb|gutenberg_au
                     thors|gutenberg_categories|pan2011_mails|song_artists|son
                     g_genres] XP_PATH DATA_PATH
Try "main_ocsvm.py --help" for help.

Error: Invalid value for "--normal_class": R is not a valid integer
Usage: main_ocsvm.py [OPTIONS] [ag_news|reuters|newsgroups20|imdb|gutenberg_au
                     thors|gutenberg_categories|pan2011_mails|song_artists|son
                     g_genres] XP_PATH DATA_PATH
Try "main_ocsvm.py --help" for help.

Error: Invalid value for "--normal_class": R is not a valid integer
Usage: main_ocsvm.py [OPTIONS] [ag_news|reuters|newsgroups20|imdb|gutenberg_au
                     thors|gutenberg_categories|pan2011_mails|song_artists|son
                     g_genres] XP_PATH DATA_PATH
Try "main_ocsvm.py --help" for help.

Error: Invalid value for "--normal_class": R is not a valid integer
Usage: main_ocsvm.py [OPTIONS] [ag_news|reuters|newsgroups20|imdb|gutenberg_au
                     thors|gutenberg_categories|pan2011_mails|song_artists|son
                     g_genres] XP_PATH DATA_PATH
Try "main_ocsvm.py --help" for help.

Error: Invalid value for "--normal_class": R is not a valid integer
Usage: main_ocsvm.py [OPTIONS] [ag_news|reuters|newsgroups20|imdb|gutenberg_au
                     thors|gutenberg_categories|pan2011_mails|song_artists|son
                     g_genres] XP_PATH DATA_PATH
Try "main_ocsvm.py --help" for help.

Error: Invalid value for "--normal_class": R is not a valid integer
Usage: main_ocsvm.py [OPTIONS] [ag_news|reuters|newsgroups20|imdb|gutenberg_au
                     thors|gutenberg_categories|pan2011_mails|song_artists|son
                     g_genres] XP_PATH DATA_PATH
Try "main_ocsvm.py --help" for help.

Error: Invalid value for "--normal_class": R is not a valid integer
Usage: main_ocsvm.py [OPTIONS] [ag_news|reuters|newsgroups20|imdb|gutenberg_au
                     thors|gutenberg_categories|pan2011_mails|song_artists|son
                     g_genres] XP_PATH DATA_PATH
Try "main_ocsvm.py --help" for help.

Error: Invalid value for "--normal_class": R is not a valid integer
Usage: main_ocsvm.py [OPTIONS] [ag_news|reuters|newsgroups20|imdb|gutenberg_au
                     thors|gutenberg_categories|pan2011_mails|song_artists|son
                     g_genres] XP_PATH DATA_PATH
Try "main_ocsvm.py --help" for help.

Error: Invalid value for "--normal_class": R is not a valid integer
Usage: main_ocsvm.py [OPTIONS] [ag_news|reuters|newsgroups20|imdb|gutenberg_au
                     thors|gutenberg_categories|pan2011_mails|song_artists|son
                     g_genres] XP_PATH DATA_PATH
Try "main_ocsvm.py --help" for help.

Error: Invalid value for "--normal_class": R is not a valid integer
Usage: main_ocsvm.py [OPTIONS] [ag_news|reuters|newsgroups20|imdb|gutenberg_au
                     thors|gutenberg_categories|pan2011_mails|song_artists|son
                     g_genres] XP_PATH DATA_PATH
Try "main_ocsvm.py --help" for help.

Error: Invalid value for "--normal_class": R is not a valid integer
Usage: main_ocsvm.py [OPTIONS] [ag_news|reuters|newsgroups20|imdb|gutenberg_au
                     thors|gutenberg_categories|pan2011_mails|song_artists|son
                     g_genres] XP_PATH DATA_PATH
Try "main_ocsvm.py --help" for help.

Error: Invalid value for "--normal_class": R is not a valid integer
Usage: main_ocsvm.py [OPTIONS] [ag_news|reuters|newsgroups20|imdb|gutenberg_au
                     thors|gutenberg_categories|pan2011_mails|song_artists|son
                     g_genres] XP_PATH DATA_PATH
Try "main_ocsvm.py --help" for help.

Error: Invalid value for "--normal_class": R is not a valid integer
Usage: main_ocsvm.py [OPTIONS] [ag_news|reuters|newsgroups20|imdb|gutenberg_au
                     thors|gutenberg_categories|pan2011_mails|song_artists|son
                     g_genres] XP_PATH DATA_PATH
Try "main_ocsvm.py --help" for help.

Error: Invalid value for "--normal_class": R is not a valid integer
